
=== Wed Feb 10 14:07:11 2021

Packages were changed.
Update Mode: mergeDefaultDependencies

The following packages were added:
  com.unity.collab-proxy@1.2.16
  com.unity.ide.rider@1.1.4
  com.unity.ide.vscode@1.2.3
  com.unity.modules.ai@1.0.0
  com.unity.modules.androidjni@1.0.0
  com.unity.modules.animation@1.0.0
  com.unity.modules.assetbundle@1.0.0
  com.unity.modules.audio@1.0.0
  com.unity.modules.cloth@1.0.0
  com.unity.modules.director@1.0.0
  com.unity.modules.imageconversion@1.0.0
  com.unity.modules.imgui@1.0.0
  com.unity.modules.jsonserialize@1.0.0
  com.unity.modules.particlesystem@1.0.0
  com.unity.modules.physics@1.0.0
  com.unity.modules.physics2d@1.0.0
  com.unity.modules.screencapture@1.0.0
  com.unity.modules.terrain@1.0.0
  com.unity.modules.terrainphysics@1.0.0
  com.unity.modules.tilemap@1.0.0
  com.unity.modules.ui@1.0.0
  com.unity.modules.uielements@1.0.0
  com.unity.modules.umbra@1.0.0
  com.unity.modules.unityanalytics@1.0.0
  com.unity.modules.unitywebrequest@1.0.0
  com.unity.modules.unitywebrequestassetbundle@1.0.0
  com.unity.modules.unitywebrequestaudio@1.0.0
  com.unity.modules.unitywebrequesttexture@1.0.0
  com.unity.modules.unitywebrequestwww@1.0.0
  com.unity.modules.vehicles@1.0.0
  com.unity.modules.video@1.0.0
  com.unity.modules.vr@1.0.0
  com.unity.modules.wind@1.0.0
  com.unity.modules.xr@1.0.0
  com.unity.test-framework@1.1.19
  com.unity.textmeshpro@2.1.1
  com.unity.timeline@1.2.17
  com.unity.ugui@1.0.0

=== Wed Feb 10 14:12:18 2021

Packages were changed.
Update Mode: updateDependencies

The following packages were added:
  com.unity.2d.sprite@1.0.0
  com.unity.2d.tilemap@1.0.0
  com.unity.ads@3.5.2
  com.unity.analytics@3.3.5
  com.unity.multiplayer-hlapi@1.0.6
  com.unity.purchasing@2.1.1
  com.unity.xr.legacyinputhelpers@2.1.6

=== Tue Mar 23 09:02:13 2021

Packages were changed.
Update Mode: updateDependencies

The following packages were added:
  com.unity.ide.visualstudio@2.0.7
The following packages were updated:
  com.unity.ads from version 3.5.2 to 3.6.1
  com.unity.analytics from version 3.3.5 to 3.5.3
  com.unity.collab-proxy from version 1.2.16 to 1.3.9
  com.unity.ide.rider from version 1.1.4 to 2.0.7
  com.unity.purchasing from version 2.1.1 to 2.2.2
  com.unity.test-framework from version 1.1.19 to 1.1.22
  com.unity.textmeshpro from version 2.1.1 to 3.0.1
  com.unity.timeline from version 1.2.17 to 1.4.6
  com.unity.xr.legacyinputhelpers from version 2.1.6 to 2.1.7

=== Tue May  4 11:45:24 2021

Packages were changed.
Update Mode: updateDependencies

The following packages were updated:
  com.unity.purchasing from version 2.2.2 to 3.0.2
  com.unity.test-framework from version 1.1.22 to 1.1.24
  com.unity.timeline from version 1.4.6 to 1.4.7

=== Sat Jun  5 15:06:20 2021

Packages were changed.
Update Mode: updateDependencies

The following packages were updated:
  com.unity.textmeshpro from version 3.0.5 to 3.0.6
  com.unity.timeline from version 1.4.7 to 1.4.8

=== Mon Jun 28 07:42:26 2021

Packages were changed.
Update Mode: updateDependencies

The following packages were updated:
  com.unity.collab-proxy from version 1.3.9 to 1.5.7
  com.unity.ide.visualstudio from version 2.0.7 to 2.0.8

=== Wed Aug  4 05:57:37 2021

Packages were changed.
Update Mode: updateDependencies

The following packages were updated:
  com.unity.collab-proxy from version 1.5.7 to 1.7.1
  com.unity.purchasing from version 3.2.1 to 3.2.2
  com.unity.test-framework from version 1.1.24 to 1.1.27

=== Sat Aug  7 07:49:25 2021

Packages were changed.
Update Mode: updateDependencies

The following packages were updated:
  com.unity.ide.rider from version 2.0.7 to 3.0.7
  com.unity.timeline from version 1.4.8 to 1.5.6

=== Tue Nov  2 10:53:13 2021

Packages were changed.
Update Mode: updateDependencies

The following packages were updated:
  com.unity.analytics from version 3.5.3 to 3.6.11
  com.unity.collab-proxy from version 1.7.1 to 1.13.5
  com.unity.purchasing from version 3.2.3 to 4.0.3
  com.unity.test-framework from version 1.1.27 to 1.1.29
  com.unity.xr.legacyinputhelpers from version 2.1.7 to 2.1.8

=== Mon Jan 31 06:56:17 2022

Packages were changed.
Update Mode: updateDependencies

The following packages were updated:
  com.unity.analytics from version 3.6.11 to 3.6.12
  com.unity.collab-proxy from version 1.13.5 to 1.15.7
  com.unity.purchasing from version 4.0.3 to 4.1.2

=== Mon Mar 13 15:42:21 2023

Packages were changed.
Update Mode: updateDependencies

The following packages were updated:
  com.unity.collab-proxy from version 1.15.7 to 2.0.1
  com.unity.ide.rider from version 3.0.7 to 3.0.18
  com.unity.purchasing from version 4.1.2 to 4.6.0
  com.unity.test-framework from version 1.1.29 to 1.1.31
  com.unity.timeline from version 1.5.6 to 1.6.4
  com.unity.xr.legacyinputhelpers from version 2.1.8 to 2.1.10

=== Wed Apr 19 06:07:53 2023

Packages were changed.
Update Mode: updateDependencies

The following packages were updated:
  com.unity.collab-proxy from version 2.0.1 to 2.0.3

=== Sat May 13 07:31:28 2023

Packages were changed.
Update Mode: updateDependencies

The following packages were updated:
  com.unity.collab-proxy from version 2.0.3 to 2.0.4
  com.unity.ide.rider from version 3.0.18 to 3.0.21
  com.unity.purchasing from version 4.7.0 to 4.8.0
  com.unity.timeline from version 1.6.4 to 1.6.5

=== Thu Jul 20 09:58:17 2023

Packages were changed.
Update Mode: updateDependencies

The following packages were added:
  com.unity.ai.navigation@1.1.4
The following packages were updated:
  com.unity.analytics from version 3.6.12 to 3.8.1
  com.unity.collab-proxy from version 2.0.4 to 2.0.5
  com.unity.ide.rider from version 3.0.21 to 3.0.24
  com.unity.purchasing from version 4.8.0 to 4.9.3
  com.unity.recorder from version 3.0.3 to 4.0.1
  com.unity.test-framework from version 1.1.31 to 1.1.33
  com.unity.timeline from version 1.6.5 to 1.7.4

=== Thu Jul 20 10:31:38 2023

Packages were changed.
Update Mode: updateDependencies

The following packages were updated:
  com.unity.timeline from version 1.7.4 to 1.7.5
